This is pdfTeX, Version 3.141592653-2.6-1.40.24 (TeX Live 2022) (preloaded format=pdflatex 2022.7.27)  10 NOV 2022 18:19
entering extended mode
 restricted \write18 enabled.
 %&-line parsing enabled.
**EjemploARTsepln.tex
(./EjemploARTsepln.tex
LaTeX2e <2022-06-01> patch level 5
L3 programming layer <2022-07-15>
(/opt/texlive/2022/texmf-dist/tex/latex/base/article.cls
Document Class: article 2021/10/04 v1.4n Standard LaTeX document class
(/opt/texlive/2022/texmf-dist/tex/latex/base/size11.clo
File: size11.clo 2021/10/04 v1.4n Standard LaTeX file (size option)
)
\c@part=\count185
\c@section=\count186
\c@subsection=\count187
\c@subsubsection=\count188
\c@paragraph=\count189
\c@subparagraph=\count190
\c@figure=\count191
\c@table=\count192
\abovecaptionskip=\skip47
\belowcaptionskip=\skip48
\bibindent=\dimen138
)
(/opt/texlive/2022/texmf-dist/tex/latex/graphics/graphicx.sty
Package: graphicx 2021/09/16 v1.2d Enhanced LaTeX Graphics (DPC,SPQR)

(/opt/texlive/2022/texmf-dist/tex/latex/graphics/keyval.sty
Package: keyval 2022/05/29 v1.15 key=value parser (DPC)
\KV@toks@=\toks16
)
(/opt/texlive/2022/texmf-dist/tex/latex/graphics/graphics.sty
Package: graphics 2022/03/10 v1.4e Standard LaTeX Graphics (DPC,SPQR)

(/opt/texlive/2022/texmf-dist/tex/latex/graphics/trig.sty
Package: trig 2021/08/11 v1.11 sin cos tan (DPC)
)
(/opt/texlive/2022/texmf-dist/tex/latex/graphics-cfg/graphics.cfg
File: graphics.cfg 2016/06/04 v1.11 sample graphics configuration
)
Package graphics Info: Driver file: dvips.def on input line 107.

(/opt/texlive/2022/texmf-dist/tex/latex/graphics-def/dvips.def
File: dvips.def 2017/06/20 v3.1d Graphics/color driver for dvips
))
\Gin@req@height=\dimen139
\Gin@req@width=\dimen140
)
(./sepln_en.sty
\titlebox=\skip49
\c@expl=\count193
) (./fullname_esp.sty)
(/opt/texlive/2022/texmf-dist/tex/latex/base/inputenc.sty
Package: inputenc 2021/02/14 v1.3d Input encoding file
\inpenc@prehook=\toks17
\inpenc@posthook=\toks18
)
(/opt/texlive/2022/texmf-dist/tex/generic/babel/babel.sty
Package: babel 2022/07/20 3.78 The Babel package
\babel@savecnt=\count194
\U@D=\dimen141
\l@unhyphenated=\language87

(/opt/texlive/2022/texmf-dist/tex/generic/babel/txtbabel.def)
\bbl@readstream=\read2
\bbl@dirlevel=\count195

(/opt/texlive/2022/texmf-dist/tex/generic/babel-spanish/spanish.ldf
Language: spanish.ldf 2021/05/27 v5.0q Spanish support from the babel system
\es@quottoks=\toks19
\es@quotdepth=\count196
Package babel Info: Making " an active character on input line 570.
Package babel Info: Making . an active character on input line 675.
Package babel Info: Making < an active character on input line 722.
Package babel Info: Making > an active character on input line 722.
))
(/opt/texlive/2022/texmf-dist/tex/generic/babel/locale/es/babel-spanish.tex
Package babel Info: Importing font and identification data for spanish
(babel)             from babel-es.ini. Reported on input line 11.
)
(/opt/texlive/2022/texmf-dist/tex/latex/l3backend/l3backend-pdftex.def
File: l3backend-pdftex.def 2022-07-01 L3 backend support: PDF output (pdfTeX)
\l__color_backend_stack_int=\count197
\l__pdf_internal_box=\box51
)
(./EjemploARTsepln.aux
LaTeX Info: Redefining \. on input line 8.
LaTeX Info: Redefining \% on input line 8.
)
\openout1 = `EjemploARTsepln.aux'.

LaTeX Font Info:    Checking defaults for OML/cmm/m/it on input line 57.
LaTeX Font Info:    ... okay on input line 57.
LaTeX Font Info:    Checking defaults for OMS/cmsy/m/n on input line 57.
LaTeX Font Info:    ... okay on input line 57.
LaTeX Font Info:    Checking defaults for OT1/cmr/m/n on input line 57.
LaTeX Font Info:    ... okay on input line 57.
LaTeX Font Info:    Checking defaults for T1/cmr/m/n on input line 57.
LaTeX Font Info:    ... okay on input line 57.
LaTeX Font Info:    Checking defaults for TS1/cmr/m/n on input line 57.
LaTeX Font Info:    ... okay on input line 57.
LaTeX Font Info:    Checking defaults for OMX/cmex/m/n on input line 57.
LaTeX Font Info:    ... okay on input line 57.
LaTeX Font Info:    Checking defaults for U/cmr/m/n on input line 57.
LaTeX Font Info:    ... okay on input line 57.
LaTeX Info: Redefining \. on input line 57.
LaTeX Info: Redefining \% on input line 57.


LaTeX Font Warning: Font shape `OT1/cmr/m/n' in size <16> not available
(Font)              size <17.28> substituted on input line 65.


LaTeX Font Warning: Font shape `OT1/cmr/bx/n' in size <16> not available
(Font)              size <17.28> substituted on input line 65.

LaTeX Font Info:    External font `cmex10' loaded for size
(Font)              <12> on input line 65.
LaTeX Font Info:    External font `cmex10' loaded for size
(Font)              <8> on input line 65.
LaTeX Font Info:    External font `cmex10' loaded for size
(Font)              <6> on input line 65.
LaTeX Font Info:    External font `cmex10' loaded for size
(Font)              <10.95> on input line 65.

Underfull \hbox (badness 2189) in paragraph at lines 70--76
\OT1/cmr/m/n/10.95 per-cep-tion from one per-son to another.
 []


Underfull \hbox (badness 1062) in paragraph at lines 70--76
\OT1/cmr/m/n/10.95 this pers-pec-ti-ve's loss. Par-ti-cu-larly, when
 []


Underfull \hbox (badness 2205) in paragraph at lines 70--76
\OT1/cmr/m/n/10.95 in-for-ma-tion flows from one lan-gua-ge to
 []


Underfull \hbox (badness 1400) in paragraph at lines 70--76
\OT1/cmr/m/n/10.95 lan-gua-ge de-pen-dent ex-pres-sions that can
 []


Underfull \hbox (badness 1215) in paragraph at lines 70--76
\OT1/cmr/m/n/10.95 be po-ten-tially lost upon trans-la-tion in-to
 []


Underfull \hbox (badness 2538) in paragraph at lines 70--76
\OT1/cmr/m/n/10.95 a dif-fe-rent lan-gua-ge, sin-ce they em-ploy
 []


Underfull \hbox (badness 10000) in paragraph at lines 70--76

 []


Underfull \hbox (badness 10000) in paragraph at lines 77--82

 []


Underfull \hbox (badness 1264) in paragraph at lines 77--82
\OT1/cmr/m/n/10.95 There is no way to trans-la-te the ph-ra-
 []


Underfull \hbox (badness 1142) in paragraph at lines 77--82
\OT1/cmr/m/n/10.95 Neural Mo-dels ha-ve pla-ce new in \OT1/cmr/m/it/10.95 sta-t
es
 []


Underfull \vbox (badness 10000) has occurred while \output is active []

 [1
Non-PDF special ignored!
<special> papersize=597.50787pt,845.04684pt
{/opt/texlive/2022/texmf-var/fonts/map/pdftex/updmap/pdftex.map}



] [2

]
(./EjemploARTsepln.aux
LaTeX Info: Redefining \. on input line 8.
LaTeX Info: Redefining \% on input line 8.
)

LaTeX Font Warning: Size substitutions with differences
(Font)              up to 1.28pt have occurred.

 ) 
Here is how much of TeX's memory you used:
 2392 strings out of 478023
 40559 string characters out of 5820212
 370105 words of memory out of 5000000
 20863 multiletter control sequences out of 15000+600000
 475801 words of font info for 49 fonts, out of 8000000 for 9000
 1141 hyphenation exceptions out of 8191
 55i,11n,62p,408b,363s stack positions out of 10000i,1000n,20000p,200000b,200000s
</opt/texlive/2022/texmf-dist/fonts/type1/public/amsfonts/cm/cmbx10.pfb></opt
/texlive/2022/texmf-dist/fonts/type1/public/amsfonts/cm/cmbx12.pfb></opt/texliv
e/2022/texmf-dist/fonts/type1/public/amsfonts/cm/cmbxti10.pfb></opt/texlive/202
2/texmf-dist/fonts/type1/public/amsfonts/cm/cmr10.pfb></opt/texlive/2022/texmf-
dist/fonts/type1/public/amsfonts/cm/cmr12.pfb></opt/texlive/2022/texmf-dist/fon
ts/type1/public/amsfonts/cm/cmr8.pfb></opt/texlive/2022/texmf-dist/fonts/type1/
public/amsfonts/cm/cmti10.pfb>
Output written on EjemploARTsepln.pdf (2 pages, 101769 bytes).
PDF statistics:
 46 PDF objects out of 1000 (max. 8388607)
 27 compressed objects within 1 object stream
 0 named destinations out of 1000 (max. 500000)
 1 words of extra memory for PDF output out of 10000 (max. 10000000)

